     1 00000000                                 [FORMAT "WCOFF"]
     2 00000000                                 [INSTRSET "i486p"]
     3 00000000                                 [OPTIMIZE 1]
     4 00000000                                 [OPTION 1]
     5 00000000                                 [BITS 32]
     6 00000000                                 	EXTERN	_io_load_eflags
     7 00000000                                 	EXTERN	_io_cli
     8 00000000                                 	EXTERN	_io_out8
     9 00000000                                 	EXTERN	_io_store_eflags
    10 00000000                                 [FILE "draw.c"]
    11                                          [SECTION .text]
    12 00000000                                 	GLOBAL	_set_palette
    13 00000000                                 _set_palette:
    14 00000000 55                              	PUSH	EBP
    15 00000001 89 E5                           	MOV	EBP,ESP
    16 00000003 57                              	PUSH	EDI
    17 00000004 56                              	PUSH	ESI
    18 00000005 53                              	PUSH	EBX
    19 00000006 51                              	PUSH	ECX
    20 00000007 8B 5D 08                        	MOV	EBX,DWORD [8+EBP]
    21 0000000A 8B 7D 0C                        	MOV	EDI,DWORD [12+EBP]
    22 0000000D 8B 75 10                        	MOV	ESI,DWORD [16+EBP]
    23 00000010 E8 [00000000]                   	CALL	_io_load_eflags
    24 00000015 89 45 F0                        	MOV	DWORD [-16+EBP],EAX
    25 00000018 E8 [00000000]                   	CALL	_io_cli
    26 0000001D 53                              	PUSH	EBX
    27 0000001E 68 000003C8                     	PUSH	968
    28 00000023 E8 [00000000]                   	CALL	_io_out8
    29 00000028 39 FB                           	CMP	EBX,EDI
    30 0000002A 58                              	POP	EAX
    31 0000002B 5A                              	POP	EDX
    32 0000002C 7E 12                           	JLE	L6
    33 0000002E                                 L8:
    34 0000002E 8B 45 F0                        	MOV	EAX,DWORD [-16+EBP]
    35 00000031 89 45 08                        	MOV	DWORD [8+EBP],EAX
    36 00000034 8D 65 F4                        	LEA	ESP,DWORD [-12+EBP]
    37 00000037 5B                              	POP	EBX
    38 00000038 5E                              	POP	ESI
    39 00000039 5F                              	POP	EDI
    40 0000003A 5D                              	POP	EBP
    41 0000003B E9 [00000000]                   	JMP	_io_store_eflags
    42 00000040                                 L6:
    43 00000040 8A 06                           	MOV	AL,BYTE [ESI]
    44 00000042 43                              	INC	EBX
    45 00000043 C0 E8 02                        	SHR	AL,2
    46 00000046 0F B6 C0                        	MOVZX	EAX,AL
    47 00000049 50                              	PUSH	EAX
    48 0000004A 68 000003C9                     	PUSH	969
    49 0000004F E8 [00000000]                   	CALL	_io_out8
    50 00000054 8A 46 01                        	MOV	AL,BYTE [1+ESI]
    51 00000057 C0 E8 02                        	SHR	AL,2
    52 0000005A 0F B6 C0                        	MOVZX	EAX,AL
    53 0000005D 50                              	PUSH	EAX
    54 0000005E 68 000003C9                     	PUSH	969
    55 00000063 E8 [00000000]                   	CALL	_io_out8
    56 00000068 8A 46 02                        	MOV	AL,BYTE [2+ESI]
    57 0000006B C0 E8 02                        	SHR	AL,2
    58 0000006E 83 C6 03                        	ADD	ESI,3
    59 00000071 0F B6 C0                        	MOVZX	EAX,AL
    60 00000074 50                              	PUSH	EAX
    61 00000075 68 000003C9                     	PUSH	969
    62 0000007A E8 [00000000]                   	CALL	_io_out8
    63 0000007F 83 C4 18                        	ADD	ESP,24
    64 00000082 39 FB                           	CMP	EBX,EDI
    65 00000084 7E BA                           	JLE	L6
    66 00000086 EB A6                           	JMP	L8
    67                                          [SECTION .data]
    68 00000000                                 _table_rgb.0:
    69 00000000 00                              	DB	0
    70 00000001 00                              	DB	0
    71 00000002 00                              	DB	0
    72 00000003 FF                              	DB	-1
    73 00000004 00                              	DB	0
    74 00000005 00                              	DB	0
    75 00000006 00                              	DB	0
    76 00000007 FF                              	DB	-1
    77 00000008 00                              	DB	0
    78 00000009 FF                              	DB	-1
    79 0000000A FF                              	DB	-1
    80 0000000B 00                              	DB	0
    81 0000000C 00                              	DB	0
    82 0000000D 00                              	DB	0
    83 0000000E FF                              	DB	-1
    84 0000000F FF                              	DB	-1
    85 00000010 00                              	DB	0
    86 00000011 FF                              	DB	-1
    87 00000012 00                              	DB	0
    88 00000013 FF                              	DB	-1
    89 00000014 FF                              	DB	-1
    90 00000015 FF                              	DB	-1
    91 00000016 FF                              	DB	-1
    92 00000017 FF                              	DB	-1
    93 00000018 C6                              	DB	-58
    94 00000019 C6                              	DB	-58
    95 0000001A C6                              	DB	-58
    96 0000001B 84                              	DB	-124
    97 0000001C 00                              	DB	0
    98 0000001D 00                              	DB	0
    99 0000001E 00                              	DB	0
   100 0000001F 84                              	DB	-124
   101 00000020 00                              	DB	0
   102 00000021 84                              	DB	-124
   103 00000022 84                              	DB	-124
   104 00000023 00                              	DB	0
   105 00000024 00                              	DB	0
   106 00000025 00                              	DB	0
   107 00000026 84                              	DB	-124
   108 00000027 84                              	DB	-124
   109 00000028 00                              	DB	0
   110 00000029 84                              	DB	-124
   111 0000002A 00                              	DB	0
   112 0000002B 84                              	DB	-124
   113 0000002C 84                              	DB	-124
   114 0000002D 84                              	DB	-124
   115 0000002E 84                              	DB	-124
   116 0000002F 84                              	DB	-124
   117                                          [SECTION .text]
   118 00000088                                 	GLOBAL	_init_palette
   119 00000088                                 _init_palette:
   120 00000088 55                              	PUSH	EBP
   121 00000089 89 E5                           	MOV	EBP,ESP
   122 0000008B 68 [00000000]                   	PUSH	_table_rgb.0
   123 00000090 6A 0F                           	PUSH	15
   124 00000092 6A 00                           	PUSH	0
   125 00000094 E8 FFFFFF67                     	CALL	_set_palette
   126 00000099 C9                              	LEAVE
   127 0000009A C3                              	RET
   128 0000009B                                 	GLOBAL	_init_screen
   129 0000009B                                 _init_screen:
   130 0000009B 55                              	PUSH	EBP
   131 0000009C 89 E5                           	MOV	EBP,ESP
   132 0000009E 57                              	PUSH	EDI
   133 0000009F 56                              	PUSH	ESI
   134 000000A0 53                              	PUSH	EBX
   135 000000A1 83 EC 0C                        	SUB	ESP,12
   136 000000A4 8B 45 10                        	MOV	EAX,DWORD [16+EBP]
   137 000000A7 83 E8 14                        	SUB	EAX,20
   138 000000AA 50                              	PUSH	EAX
   139 000000AB FF 75 0C                        	PUSH	DWORD [12+EBP]
   140 000000AE 6A 00                           	PUSH	0
   141 000000B0 6A 00                           	PUSH	0
   142 000000B2 6A 0E                           	PUSH	14
   143 000000B4 FF 75 0C                        	PUSH	DWORD [12+EBP]
   144 000000B7 FF 75 08                        	PUSH	DWORD [8+EBP]
   145 000000BA E8 00000074                     	CALL	_boxfill
   146 000000BF BA 00000002                     	MOV	EDX,2
   147 000000C4 8B 45 10                        	MOV	EAX,DWORD [16+EBP]
   148 000000C7 89 D1                           	MOV	ECX,EDX
   149 000000C9 83 E8 04                        	SUB	EAX,4
   150 000000CC 50                              	PUSH	EAX
   151 000000CD 89 45 F0                        	MOV	DWORD [-16+EBP],EAX
   152 000000D0 8B 45 0C                        	MOV	EAX,DWORD [12+EBP]
   153 000000D3 99                              	CDQ
   154 000000D4 F7 F9                           	IDIV	ECX
   155 000000D6 89 C6                           	MOV	ESI,EAX
   156 000000D8 8D 58 06                        	LEA	EBX,DWORD [6+EAX]
   157 000000DB 8B 45 10                        	MOV	EAX,DWORD [16+EBP]
   158 000000DE 53                              	PUSH	EBX
   159 000000DF 83 E8 10                        	SUB	EAX,16
   160 000000E2 50                              	PUSH	EAX
   161 000000E3 8D 7E FA                        	LEA	EDI,DWORD [-6+ESI]
   162 000000E6 57                              	PUSH	EDI
   163 000000E7 89 45 EC                        	MOV	DWORD [-20+EBP],EAX
   164 000000EA 6A 06                           	PUSH	6
   165 000000EC FF 75 0C                        	PUSH	DWORD [12+EBP]
   166 000000EF FF 75 08                        	PUSH	DWORD [8+EBP]
   167 000000F2 E8 0000003C                     	CALL	_boxfill
   168 000000F7 8B 4D 10                        	MOV	ECX,DWORD [16+EBP]
   169 000000FA 83 C4 38                        	ADD	ESP,56
   170 000000FD 83 E9 0A                        	SUB	ECX,10
   171 00000100 51                              	PUSH	ECX
   172 00000101 53                              	PUSH	EBX
   173 00000102 51                              	PUSH	ECX
   174 00000103 57                              	PUSH	EDI
   175 00000104 6A 00                           	PUSH	0
   176 00000106 FF 75 0C                        	PUSH	DWORD [12+EBP]
   177 00000109 FF 75 08                        	PUSH	DWORD [8+EBP]
   178 0000010C E8 00000022                     	CALL	_boxfill
   179 00000111 FF 75 F0                        	PUSH	DWORD [-16+EBP]
   180 00000114 56                              	PUSH	ESI
   181 00000115 FF 75 EC                        	PUSH	DWORD [-20+EBP]
   182 00000118 56                              	PUSH	ESI
   183 00000119 6A 00                           	PUSH	0
   184 0000011B FF 75 0C                        	PUSH	DWORD [12+EBP]
   185 0000011E FF 75 08                        	PUSH	DWORD [8+EBP]
   186 00000121 E8 0000000D                     	CALL	_boxfill
   187 00000126 8D 65 F4                        	LEA	ESP,DWORD [-12+EBP]
   188 00000129 5B                              	POP	EBX
   189 0000012A 5E                              	POP	ESI
   190 0000012B 5F                              	POP	EDI
   191 0000012C 5D                              	POP	EBP
   192 0000012D C3                              	RET
   193 0000012E                                 	GLOBAL	_init_bootInfo
   194 0000012E                                 _init_bootInfo:
   195 0000012E 55                              	PUSH	EBP
   196 0000012F 89 E5                           	MOV	EBP,ESP
   197 00000131 5D                              	POP	EBP
   198 00000132 C3                              	RET
   199 00000133                                 	GLOBAL	_boxfill
   200 00000133                                 _boxfill:
   201 00000133 55                              	PUSH	EBP
   202 00000134 89 E5                           	MOV	EBP,ESP
   203 00000136 57                              	PUSH	EDI
   204 00000137 56                              	PUSH	ESI
   205 00000138 53                              	PUSH	EBX
   206 00000139 57                              	PUSH	EDI
   207 0000013A 57                              	PUSH	EDI
   208 0000013B 8A 45 10                        	MOV	AL,BYTE [16+EBP]
   209 0000013E 8B 4D 18                        	MOV	ECX,DWORD [24+EBP]
   210 00000141 8B 7D 1C                        	MOV	EDI,DWORD [28+EBP]
   211 00000144 88 45 F3                        	MOV	BYTE [-13+EBP],AL
   212 00000147 3B 4D 20                        	CMP	ECX,DWORD [32+EBP]
   213 0000014A 7F 31                           	JG	L24
   214 0000014C 8B 5D 0C                        	MOV	EBX,DWORD [12+EBP]
   215 0000014F 0F AF D9                        	IMUL	EBX,ECX
   216 00000152                                 L22:
   217 00000152 8B 55 14                        	MOV	EDX,DWORD [20+EBP]
   218 00000155 39 FA                           	CMP	EDX,EDI
   219 00000157 7F 1B                           	JG	L26
   220 00000159 8B 75 08                        	MOV	ESI,DWORD [8+EBP]
   221 0000015C 01 DE                           	ADD	ESI,EBX
   222 0000015E 01 D6                           	ADD	ESI,EDX
   223 00000160 89 75 EC                        	MOV	DWORD [-20+EBP],ESI
   224 00000163                                 L21:
   225 00000163 8B 75 EC                        	MOV	ESI,DWORD [-20+EBP]
   226 00000166 8A 45 F3                        	MOV	AL,BYTE [-13+EBP]
   227 00000169 42                              	INC	EDX
   228 0000016A 88 06                           	MOV	BYTE [ESI],AL
   229 0000016C 46                              	INC	ESI
   230 0000016D 89 75 EC                        	MOV	DWORD [-20+EBP],ESI
   231 00000170 39 FA                           	CMP	EDX,EDI
   232 00000172 7E EF                           	JLE	L21
   233 00000174                                 L26:
   234 00000174 41                              	INC	ECX
   235 00000175 03 5D 0C                        	ADD	EBX,DWORD [12+EBP]
   236 00000178 3B 4D 20                        	CMP	ECX,DWORD [32+EBP]
   237 0000017B 7E D5                           	JLE	L22
   238 0000017D                                 L24:
   239 0000017D 5B                              	POP	EBX
   240 0000017E 5E                              	POP	ESI
   241 0000017F 5B                              	POP	EBX
   242 00000180 5E                              	POP	ESI
   243 00000181 5F                              	POP	EDI
   244 00000182 5D                              	POP	EBP
   245 00000183 C3                              	RET
