     1 00000000                                 [FORMAT "WCOFF"]
     2 00000000                                 [INSTRSET "i486p"]
     3 00000000                                 [OPTIMIZE 1]
     4 00000000                                 [OPTION 1]
     5 00000000                                 [BITS 32]
     6 00000000                                 	EXTERN	_io_out8
     7 00000000                                 	EXTERN	_io_sti
     8 00000000                                 [FILE "int.c"]
     9                                          [SECTION .text]
    10 00000000                                 	GLOBAL	_init_pic
    11 00000000                                 _init_pic:
    12 00000000 55                              	PUSH	EBP
    13 00000001 89 E5                           	MOV	EBP,ESP
    14 00000003 68 000000FF                     	PUSH	255
    15 00000008 6A 21                           	PUSH	33
    16 0000000A E8 [00000000]                   	CALL	_io_out8
    17 0000000F 68 000000FF                     	PUSH	255
    18 00000014 68 000000A1                     	PUSH	161
    19 00000019 E8 [00000000]                   	CALL	_io_out8
    20 0000001E 6A 11                           	PUSH	17
    21 00000020 6A 20                           	PUSH	32
    22 00000022 E8 [00000000]                   	CALL	_io_out8
    23 00000027 6A 20                           	PUSH	32
    24 00000029 6A 21                           	PUSH	33
    25 0000002B E8 [00000000]                   	CALL	_io_out8
    26 00000030 83 C4 20                        	ADD	ESP,32
    27 00000033 6A 04                           	PUSH	4
    28 00000035 6A 21                           	PUSH	33
    29 00000037 E8 [00000000]                   	CALL	_io_out8
    30 0000003C 6A 01                           	PUSH	1
    31 0000003E 6A 21                           	PUSH	33
    32 00000040 E8 [00000000]                   	CALL	_io_out8
    33 00000045 6A 11                           	PUSH	17
    34 00000047 68 000000A0                     	PUSH	160
    35 0000004C E8 [00000000]                   	CALL	_io_out8
    36 00000051 6A 28                           	PUSH	40
    37 00000053 68 000000A1                     	PUSH	161
    38 00000058 E8 [00000000]                   	CALL	_io_out8
    39 0000005D 83 C4 20                        	ADD	ESP,32
    40 00000060 6A 02                           	PUSH	2
    41 00000062 68 000000A1                     	PUSH	161
    42 00000067 E8 [00000000]                   	CALL	_io_out8
    43 0000006C 6A 01                           	PUSH	1
    44 0000006E 68 000000A1                     	PUSH	161
    45 00000073 E8 [00000000]                   	CALL	_io_out8
    46 00000078 68 000000FB                     	PUSH	251
    47 0000007D 6A 21                           	PUSH	33
    48 0000007F E8 [00000000]                   	CALL	_io_out8
    49 00000084 68 000000FF                     	PUSH	255
    50 00000089 68 000000A1                     	PUSH	161
    51 0000008E E8 [00000000]                   	CALL	_io_out8
    52 00000093 83 C4 20                        	ADD	ESP,32
    53 00000096 C9                              	LEAVE
    54 00000097 E9 [00000000]                   	JMP	_io_sti
    55 0000009C                                 	GLOBAL	_inthandler27
    56 0000009C                                 _inthandler27:
    57 0000009C 55                              	PUSH	EBP
    58 0000009D 89 E5                           	MOV	EBP,ESP
    59 0000009F 6A 67                           	PUSH	103
    60 000000A1 6A 20                           	PUSH	32
    61 000000A3 E8 [00000000]                   	CALL	_io_out8
    62 000000A8 C9                              	LEAVE
    63 000000A9 C3                              	RET
