     1 00000000                                 [FORMAT "WCOFF"]
     2 00000000                                 [INSTRSET "i486p"]
     3 00000000                                 [OPTIMIZE 1]
     4 00000000                                 [OPTION 1]
     5 00000000                                 [BITS 32]
     6 00000000                                 	EXTERN	_init_palette
     7 00000000                                 	EXTERN	_io_hlt
     8 00000000                                 [FILE "main.c"]
     9                                          [SECTION .text]
    10 00000000                                 	GLOBAL	_init
    11 00000000                                 _init:
    12 00000000 55                              	PUSH	EBP
    13 00000001 89 E5                           	MOV	EBP,ESP
    14 00000003 5D                              	POP	EBP
    15 00000004 E9 [00000000]                   	JMP	_init_palette
    16 00000009                                 	GLOBAL	_boxfill8
    17 00000009                                 _boxfill8:
    18 00000009 55                              	PUSH	EBP
    19 0000000A 89 E5                           	MOV	EBP,ESP
    20 0000000C 57                              	PUSH	EDI
    21 0000000D 56                              	PUSH	ESI
    22 0000000E 53                              	PUSH	EBX
    23 0000000F 51                              	PUSH	ECX
    24 00000010 51                              	PUSH	ECX
    25 00000011 8A 45 10                        	MOV	AL,BYTE [16+EBP]
    26 00000014 8B 4D 18                        	MOV	ECX,DWORD [24+EBP]
    27 00000017 8B 7D 1C                        	MOV	EDI,DWORD [28+EBP]
    28 0000001A 88 45 F3                        	MOV	BYTE [-13+EBP],AL
    29 0000001D 3B 4D 20                        	CMP	ECX,DWORD [32+EBP]
    30 00000020 7F 31                           	JG	L14
    31 00000022 8B 5D 0C                        	MOV	EBX,DWORD [12+EBP]
    32 00000025 0F AF D9                        	IMUL	EBX,ECX
    33 00000028                                 L12:
    34 00000028 8B 55 14                        	MOV	EDX,DWORD [20+EBP]
    35 0000002B 39 FA                           	CMP	EDX,EDI
    36 0000002D 7F 1B                           	JG	L16
    37 0000002F 8B 75 08                        	MOV	ESI,DWORD [8+EBP]
    38 00000032 01 DE                           	ADD	ESI,EBX
    39 00000034 01 D6                           	ADD	ESI,EDX
    40 00000036 89 75 EC                        	MOV	DWORD [-20+EBP],ESI
    41 00000039                                 L11:
    42 00000039 8B 75 EC                        	MOV	ESI,DWORD [-20+EBP]
    43 0000003C 8A 45 F3                        	MOV	AL,BYTE [-13+EBP]
    44 0000003F 42                              	INC	EDX
    45 00000040 88 06                           	MOV	BYTE [ESI],AL
    46 00000042 46                              	INC	ESI
    47 00000043 89 75 EC                        	MOV	DWORD [-20+EBP],ESI
    48 00000046 39 FA                           	CMP	EDX,EDI
    49 00000048 7E EF                           	JLE	L11
    50 0000004A                                 L16:
    51 0000004A 41                              	INC	ECX
    52 0000004B 03 5D 0C                        	ADD	EBX,DWORD [12+EBP]
    53 0000004E 3B 4D 20                        	CMP	ECX,DWORD [32+EBP]
    54 00000051 7E D5                           	JLE	L12
    55 00000053                                 L14:
    56 00000053 58                              	POP	EAX
    57 00000054 5A                              	POP	EDX
    58 00000055 5B                              	POP	EBX
    59 00000056 5E                              	POP	ESI
    60 00000057 5F                              	POP	EDI
    61 00000058 5D                              	POP	EBP
    62 00000059 C3                              	RET
    63 0000005A                                 	GLOBAL	_init_screen
    64 0000005A                                 _init_screen:
    65 0000005A 55                              	PUSH	EBP
    66 0000005B 89 E5                           	MOV	EBP,ESP
    67 0000005D 57                              	PUSH	EDI
    68 0000005E 56                              	PUSH	ESI
    69 0000005F 53                              	PUSH	EBX
    70 00000060 83 EC 0C                        	SUB	ESP,12
    71 00000063 8B 45 10                        	MOV	EAX,DWORD [16+EBP]
    72 00000066 83 E8 14                        	SUB	EAX,20
    73 00000069 50                              	PUSH	EAX
    74 0000006A FF 75 0C                        	PUSH	DWORD [12+EBP]
    75 0000006D 6A 00                           	PUSH	0
    76 0000006F 6A 00                           	PUSH	0
    77 00000071 6A 0E                           	PUSH	14
    78 00000073 FF 75 0C                        	PUSH	DWORD [12+EBP]
    79 00000076 FF 75 08                        	PUSH	DWORD [8+EBP]
    80 00000079 E8 FFFFFF8B                     	CALL	_boxfill8
    81 0000007E BA 00000002                     	MOV	EDX,2
    82 00000083 8B 45 10                        	MOV	EAX,DWORD [16+EBP]
    83 00000086 89 D1                           	MOV	ECX,EDX
    84 00000088 83 E8 04                        	SUB	EAX,4
    85 0000008B 50                              	PUSH	EAX
    86 0000008C 89 45 F0                        	MOV	DWORD [-16+EBP],EAX
    87 0000008F 8B 45 0C                        	MOV	EAX,DWORD [12+EBP]
    88 00000092 99                              	CDQ
    89 00000093 F7 F9                           	IDIV	ECX
    90 00000095 89 C6                           	MOV	ESI,EAX
    91 00000097 8D 58 06                        	LEA	EBX,DWORD [6+EAX]
    92 0000009A 8B 45 10                        	MOV	EAX,DWORD [16+EBP]
    93 0000009D 53                              	PUSH	EBX
    94 0000009E 83 E8 10                        	SUB	EAX,16
    95 000000A1 50                              	PUSH	EAX
    96 000000A2 8D 7E FA                        	LEA	EDI,DWORD [-6+ESI]
    97 000000A5 57                              	PUSH	EDI
    98 000000A6 89 45 EC                        	MOV	DWORD [-20+EBP],EAX
    99 000000A9 6A 06                           	PUSH	6
   100 000000AB FF 75 0C                        	PUSH	DWORD [12+EBP]
   101 000000AE FF 75 08                        	PUSH	DWORD [8+EBP]
   102 000000B1 E8 FFFFFF53                     	CALL	_boxfill8
   103 000000B6 8B 4D 10                        	MOV	ECX,DWORD [16+EBP]
   104 000000B9 83 C4 38                        	ADD	ESP,56
   105 000000BC 83 E9 0A                        	SUB	ECX,10
   106 000000BF 51                              	PUSH	ECX
   107 000000C0 53                              	PUSH	EBX
   108 000000C1 51                              	PUSH	ECX
   109 000000C2 57                              	PUSH	EDI
   110 000000C3 6A 00                           	PUSH	0
   111 000000C5 FF 75 0C                        	PUSH	DWORD [12+EBP]
   112 000000C8 FF 75 08                        	PUSH	DWORD [8+EBP]
   113 000000CB E8 FFFFFF39                     	CALL	_boxfill8
   114 000000D0 FF 75 F0                        	PUSH	DWORD [-16+EBP]
   115 000000D3 56                              	PUSH	ESI
   116 000000D4 FF 75 EC                        	PUSH	DWORD [-20+EBP]
   117 000000D7 56                              	PUSH	ESI
   118 000000D8 6A 00                           	PUSH	0
   119 000000DA FF 75 0C                        	PUSH	DWORD [12+EBP]
   120 000000DD FF 75 08                        	PUSH	DWORD [8+EBP]
   121 000000E0 E8 FFFFFF24                     	CALL	_boxfill8
   122 000000E5 8D 65 F4                        	LEA	ESP,DWORD [-12+EBP]
   123 000000E8 5B                              	POP	EBX
   124 000000E9 5E                              	POP	ESI
   125 000000EA 5F                              	POP	EDI
   126 000000EB 5D                              	POP	EBP
   127 000000EC C3                              	RET
   128 000000ED                                 	GLOBAL	_HariMain
   129 000000ED                                 _HariMain:
   130 000000ED 55                              	PUSH	EBP
   131 000000EE 89 E5                           	MOV	EBP,ESP
   132 000000F0 E8 FFFFFF0B                     	CALL	_init
   133 000000F5 E8 [00000000]                   	CALL	_init_palette
   134 000000FA 0F BF 05 00000FF6               	MOVSX	EAX,WORD [4086]
   135 00000101 0F BF 15 00000FF4               	MOVSX	EDX,WORD [4084]
   136 00000108 50                              	PUSH	EAX
   137 00000109 52                              	PUSH	EDX
   138 0000010A FF 35 00000FF8                  	PUSH	DWORD [4088]
   139 00000110 E8 FFFFFF45                     	CALL	_init_screen
   140 00000115 83 C4 0C                        	ADD	ESP,12
   141 00000118                                 L19:
   142 00000118 E8 [00000000]                   	CALL	_io_hlt
   143 0000011D EB F9                           	JMP	L19
